<?xml version="1.0" encoding="UTF-8"?>
<testng-results ignored="0" total="1" passed="1" failed="0" skipped="0">
  <reporter-output>
  </reporter-output>
  <suite started-at="2024-01-31T20:18:41 IST" name="Default suite" finished-at="2024-01-31T20:19:03 IST" duration-ms="22806">
    <groups>
    </groups>
    <test started-at="2024-01-31T20:18:41 IST" name="Default test" finished-at="2024-01-31T20:19:03 IST" duration-ms="22806">
      <class name="testcases.IntemediaryAddCoverageTest">
        <test-method is-config="true" signature="setup()[pri:0, instance:testcases.IntemediaryAddCoverageTest@4f80542f]" started-at="2024-01-31T20:18:33 IST" name="setup" finished-at="2024-01-31T20:18:41 IST" duration-ms="7636" status="PASS">
          <reporter-output>
          </reporter-output>
        </test-method> <!-- setup -->
        <test-method signature="addCoverage()[pri:0, instance:testcases.IntemediaryAddCoverageTest@4f80542f]" started-at="2024-01-31T20:18:41 IST" name="addCoverage" finished-at="2024-01-31T20:19:03 IST" duration-ms="22787" status="PASS">
          <reporter-output>
          </reporter-output>
        </test-method> <!-- addCoverage -->
        <test-method is-config="true" signature="teardown()[pri:0, instance:testcases.IntemediaryAddCoverageTest@4f80542f]" started-at="2024-01-31T20:19:03 IST" name="teardown" finished-at="2024-01-31T20:19:03 IST" duration-ms="0" status="PASS">
          <reporter-output>
          </reporter-output>
        </test-method> <!-- teardown -->
      </class> <!-- testcases.IntemediaryAddCoverageTest -->
    </test> <!-- Default test -->
  </suite> <!-- Default suite -->
</testng-results>
